<?xml version="1.0" encoding="UTF-8"?>
<testng-results ignored="2" total="3" passed="1" failed="0" skipped="0">
  <reporter-output>
  </reporter-output>
  <suite started-at="2022-07-21T10:33:24 IST" name="Amazon Test Suite" finished-at="2022-07-21T10:33:31 IST" duration-ms="7086">
    <groups>
    </groups>
    <test started-at="2022-07-21T10:33:24 IST" name="Homepage tests" finished-at="2022-07-21T10:33:31 IST" duration-ms="7086">
      <class name="testcases.TestHomepage">
        <test-method is-config="true" signature="initialise()[pri:0, instance:testcases.TestHomepage@64b0598]" started-at="2022-07-21T10:33:24 IST" name="initialise" finished-at="2022-07-21T10:33:24 IST" duration-ms="246" status="PASS">
          <reporter-output>
          </reporter-output>
        </test-method> <!-- initialise -->
        <test-method is-config="true" signature="preSetup()[pri:0, instance:testcases.TestHomepage@64b0598]" started-at="2022-07-21T10:33:24 IST" name="preSetup" finished-at="2022-07-21T10:33:24 IST" duration-ms="4" status="PASS">
          <reporter-output>
          </reporter-output>
        </test-method> <!-- preSetup -->
        <test-method is-config="true" signature="setup()[pri:0, instance:testcases.TestHomepage@64b0598]" started-at="2022-07-21T10:33:24 IST" name="setup" finished-at="2022-07-21T10:33:31 IST" duration-ms="6709" status="PASS">
          <reporter-output>
          </reporter-output>
        </test-method> <!-- setup -->
        <test-method signature="verifyHomepageText()[pri:0, instance:testcases.TestHomepage@64b0598]" started-at="2022-07-21T10:33:31 IST" name="verifyHomepageText" finished-at="2022-07-21T10:33:31 IST" duration-ms="199" status="PASS">
          <reporter-output>
          </reporter-output>
        </test-method> <!-- verifyHomepageText -->
        <test-method is-config="true" signature="cleanUp(org.testng.ITestResult)[pri:0, instance:testcases.TestHomepage@64b0598]" started-at="2022-07-21T10:33:31 IST" name="cleanUp" finished-at="2022-07-21T10:33:31 IST" duration-ms="129" status="PASS">
          <params>
            <param index="0">
              <value>
                <![CDATA[[TestResult name=verifyHomepageText status=SUCCESS method=TestHomepage.verifyHomepageText()[pri:0, instance:testcases.TestHomepage@64b0598] output={null}]]]>
              </value>
            </param>
          </params>
          <reporter-output>
          </reporter-output>
        </test-method> <!-- cleanUp -->
        <test-method is-config="true" signature="afterClass()[pri:0, instance:testcases.TestHomepage@64b0598]" started-at="2022-07-21T10:33:31 IST" name="afterClass" finished-at="2022-07-21T10:33:31 IST" duration-ms="1" status="PASS">
          <reporter-output>
          </reporter-output>
        </test-method> <!-- afterClass -->
        <test-method is-config="true" signature="cleanupAfterSuite()[pri:0, instance:testcases.TestHomepage@64b0598]" started-at="2022-07-21T10:33:31 IST" name="cleanupAfterSuite" finished-at="2022-07-21T10:33:32 IST" duration-ms="385" status="PASS">
          <reporter-output>
          </reporter-output>
        </test-method> <!-- cleanupAfterSuite -->
      </class> <!-- testcases.TestHomepage -->
    </test> <!-- Homepage tests -->
  </suite> <!-- Amazon Test Suite -->
</testng-results>
