<?xml version="1.0" encoding="UTF-8"?>
<!-- Generated by org.testng.reporters.JUnitXMLReporter -->
<testsuite ignored="2" hostname="Saurabhs-MacBook-Pro.local" failures="0" tests="1" name="Homepage tests" time="7.086" errors="0" timestamp="2022-07-21T10:33:31 IST">
  <testcase classname="testcases.TestHomepage" name="verifyHomepageText" time="0.199"/>
  <testcase classname="testcases.BaseTest" name="@AfterSuite cleanupAfterSuite" time="0.0">
    <ignored/>
  </testcase> <!-- @AfterSuite cleanupAfterSuite -->
  <testcase classname="testcases.BaseTest" name="@BeforeSuite initialise" time="0.0">
    <ignored/>
  </testcase> <!-- @BeforeSuite initialise -->
</testsuite> <!-- Homepage tests -->
